Operating system: Linux
OS Version: 4.4.38
mpicc -openmp -I/opt/intel/compilers_and_libraries_2019.0.117/linux/mkl/include -I /home/cmalbon/Workspace/JayCI/mpi_source/include -c -o /home/cmalbon/Workspace/JayCI/mpi_source/timestamp.o /home/cmalbon/Workspace/JayCI/mpi_source/timestamp.c -g -DDEBUGGING -g -Wall -std=c11 -march=native -funroll-all-loops -fomit-frame-pointer -fstrict-aliasing -O0

mpicc -openmp -I/opt/intel/compilers_and_libraries_2019.0.117/linux/mkl/include -I /home/cmalbon/Workspace/JayCI/mpi_source/include -c -o /home/cmalbon/Workspace/JayCI/mpi_source/errorlib.o /home/cmalbon/Workspace/JayCI/mpi_source/errorlib.c -g -DDEBUGGING -g -Wall -std=c11 -march=native -funroll-all-loops -fomit-frame-pointer -fstrict-aliasing -O0

mpicc -openmp -I/opt/intel/compilers_and_libraries_2019.0.117/linux/mkl/include -I /home/cmalbon/Workspace/JayCI/mpi_source/include -c -o /home/cmalbon/Workspace/JayCI/mpi_source/arrayutil.o /home/cmalbon/Workspace/JayCI/mpi_source/arrayutil.c -g -DDEBUGGING -g -Wall -std=c11 -march=native -funroll-all-loops -fomit-frame-pointer -fstrict-aliasing -O0

mpicc -openmp -I/opt/intel/compilers_and_libraries_2019.0.117/linux/mkl/include -I /home/cmalbon/Workspace/JayCI/mpi_source/include -c -o /home/cmalbon/Workspace/JayCI/mpi_source/allocate_mem.o /home/cmalbon/Workspace/JayCI/mpi_source/allocate_mem.c -g -DDEBUGGING -g -Wall -std=c11 -march=native -funroll-all-loops -fomit-frame-pointer -fstrict-aliasing -O0

mpiifort -I/opt/intel/compilers_and_libraries_2019.0.117/linux/mkl/include -nofor_main -c -o /home/cmalbon/Workspace/JayCI/mpi_source/readmoints.o /home/cmalbon/Workspace/JayCI/mpi_source/readmoints.f90 -g -DDEBUGGING -g -traceback -i8 -auto -assume byterecl -O0

mpiifort -I/opt/intel/compilers_and_libraries_2019.0.117/linux/mkl/include -nofor_main -c -o /home/cmalbon/Workspace/JayCI/mpi_source/readnamelist.o /home/cmalbon/Workspace/JayCI/mpi_source/readnamelist.f90 -g -DDEBUGGING -g -traceback -i8 -auto -assume byterecl -O0

mpiifort -I/opt/intel/compilers_and_libraries_2019.0.117/linux/mkl/include -nofor_main -c -o /home/cmalbon/Workspace/JayCI/mpi_source/readmocoef.o /home/cmalbon/Workspace/JayCI/mpi_source/readmocoef.f90 -g -DDEBUGGING -g -traceback -i8 -auto -assume byterecl -O0

mpicc -openmp -I/opt/intel/compilers_and_libraries_2019.0.117/linux/mkl/include -I /home/cmalbon/Workspace/JayCI/mpi_source/include -c -o /home/cmalbon/Workspace/JayCI/mpi_source/ioutil.o /home/cmalbon/Workspace/JayCI/mpi_source/ioutil.c -g -DDEBUGGING -g -Wall -std=c11 -march=native -funroll-all-loops -fomit-frame-pointer -fstrict-aliasing -O0 -Wno-implicit-function-declaration

mpicc -openmp -I/opt/intel/compilers_and_libraries_2019.0.117/linux/mkl/include -I /home/cmalbon/Workspace/JayCI/mpi_source/include -c -o /home/cmalbon/Workspace/JayCI/mpi_source/mpi_utilities.o /home/cmalbon/Workspace/JayCI/mpi_source/mpi_utilities.c -g -DDEBUGGING -g -Wall -std=c11 -march=native -funroll-all-loops -fomit-frame-pointer -fstrict-aliasing -O0

mpicc -openmp -I/opt/intel/compilers_and_libraries_2019.0.117/linux/mkl/include -I /home/cmalbon/Workspace/JayCI/mpi_source/include -c -o /home/cmalbon/Workspace/JayCI/mpi_source/abecalc.o /home/cmalbon/Workspace/JayCI/mpi_source/abecalc.c -g -DDEBUGGING -g -Wall -std=c11 -march=native -funroll-all-loops -fomit-frame-pointer -fstrict-aliasing -O0

mpicc -openmp -I/opt/intel/compilers_and_libraries_2019.0.117/linux/mkl/include -I /home/cmalbon/Workspace/JayCI/mpi_source/include -c -o /home/cmalbon/Workspace/JayCI/mpi_source/combinatorial.o /home/cmalbon/Workspace/JayCI/mpi_source/combinatorial.c -g -DDEBUGGING -g -Wall -std=c11 -march=native -funroll-all-loops -fomit-frame-pointer -fstrict-aliasing -O0

mpicc -openmp -I/opt/intel/compilers_and_libraries_2019.0.117/linux/mkl/include -I /home/cmalbon/Workspace/JayCI/mpi_source/include -c -o /home/cmalbon/Workspace/JayCI/mpi_source/moindex.o /home/cmalbon/Workspace/JayCI/mpi_source/moindex.c -g -DDEBUGGING -g -Wall -std=c11 -march=native -funroll-all-loops -fomit-frame-pointer -fstrict-aliasing -O0

mpicc -openmp -I/opt/intel/compilers_and_libraries_2019.0.117/linux/mkl/include -I /home/cmalbon/Workspace/JayCI/mpi_source/include -c -o /home/cmalbon/Workspace/JayCI/mpi_source/straddress.o /home/cmalbon/Workspace/JayCI/mpi_source/straddress.c -g -DDEBUGGING -g -Wall -std=c11 -march=native -funroll-all-loops -fomit-frame-pointer -fstrict-aliasing -O0

mpicc -openmp -I/opt/intel/compilers_and_libraries_2019.0.117/linux/mkl/include -I /home/cmalbon/Workspace/JayCI/mpi_source/include -c -o /home/cmalbon/Workspace/JayCI/mpi_source/iminmax.o /home/cmalbon/Workspace/JayCI/mpi_source/iminmax.c -g -DDEBUGGING -g -Wall -std=c11 -march=native -funroll-all-loops -fomit-frame-pointer -fstrict-aliasing -O0

mpicc -openmp -I/opt/intel/compilers_and_libraries_2019.0.117/linux/mkl/include -I /home/cmalbon/Workspace/JayCI/mpi_source/include -c -o /home/cmalbon/Workspace/JayCI/mpi_source/bitutil.o /home/cmalbon/Workspace/JayCI/mpi_source/bitutil.c -g -DDEBUGGING -g -Wall -std=c11 -march=native -funroll-all-loops -fomit-frame-pointer -fstrict-aliasing -O0

mpicc -openmp -I/opt/intel/compilers_and_libraries_2019.0.117/linux/mkl/include -I /home/cmalbon/Workspace/JayCI/mpi_source/include -c -o /home/cmalbon/Workspace/JayCI/mpi_source/binary.o /home/cmalbon/Workspace/JayCI/mpi_source/binary.c -g -DDEBUGGING -g -Wall -std=c11 -march=native -funroll-all-loops -fomit-frame-pointer -fstrict-aliasing -O0

mpicc -openmp -I/opt/intel/compilers_and_libraries_2019.0.117/linux/mkl/include -I /home/cmalbon/Workspace/JayCI/mpi_source/include -c -o /home/cmalbon/Workspace/JayCI/mpi_source/binarystr.o /home/cmalbon/Workspace/JayCI/mpi_source/binarystr.c -g -DDEBUGGING -g -Wall -std=c11 -march=native -funroll-all-loops -fomit-frame-pointer -fstrict-aliasing -O0

mpicc -openmp -I/opt/intel/compilers_and_libraries_2019.0.117/linux/mkl/include -I /home/cmalbon/Workspace/JayCI/mpi_source/include -c -o /home/cmalbon/Workspace/JayCI/mpi_source/citruncate.o /home/cmalbon/Workspace/JayCI/mpi_source/citruncate.c -g -DDEBUGGING -g -Wall -std=c11 -march=native -funroll-all-loops -fomit-frame-pointer -fstrict-aliasing -O0

mpicc -openmp -I/opt/intel/compilers_and_libraries_2019.0.117/linux/mkl/include -I /home/cmalbon/Workspace/JayCI/mpi_source/include -c -o /home/cmalbon/Workspace/JayCI/mpi_source/action_util.o /home/cmalbon/Workspace/JayCI/mpi_source/action_util.c -g -DDEBUGGING -g -Wall -std=c11 -march=native -funroll-all-loops -fomit-frame-pointer -fstrict-aliasing -O0

mpicc -openmp -I/opt/intel/compilers_and_libraries_2019.0.117/linux/mkl/include -I /home/cmalbon/Workspace/JayCI/mpi_source/include -c -o /home/cmalbon/Workspace/JayCI/mpi_source/pdavidson.o /home/cmalbon/Workspace/JayCI/mpi_source/pdavidson.c -g -DDEBUGGING -g -Wall -std=c11 -march=native -funroll-all-loops -fomit-frame-pointer -fstrict-aliasing -O0

mpicc -openmp -I/opt/intel/compilers_and_libraries_2019.0.117/linux/mkl/include -I /home/cmalbon/Workspace/JayCI/mpi_source/include -c -o /home/cmalbon/Workspace/JayCI/mpi_source/execute_pjayci.o /home/cmalbon/Workspace/JayCI/mpi_source/execute_pjayci.c -g -DDEBUGGING -g -Wall -std=c11 -march=native -funroll-all-loops -fomit-frame-pointer -fstrict-aliasing -O0

mpicc -openmp -I/opt/intel/compilers_and_libraries_2019.0.117/linux/mkl/include -I /home/cmalbon/Workspace/JayCI/mpi_source/include -c -o /home/cmalbon/Workspace/JayCI/mpi_source/pjayci.o /home/cmalbon/Workspace/JayCI/mpi_source/pjayci.c -g -DDEBUGGING -g -Wall -std=c11 -march=native -funroll-all-loops -fomit-frame-pointer -fstrict-aliasing -O0


------------------------------------------------------
   PJAYCI PROGRAM 
 Program version:	1.0.0
 Test program:		/home/cmalbon/Workspace/JayCI/test/test.x
 BLAS/LAPACK Lib:	-Wl,--start-group /opt/intel/compilers_and_libraries/linux/mkl/lib/intel64/libmkl_intel_ilp64.a /opt/intel/compilers_and_libraries/linux/mkl/lib/intel64/libmkl_intel_thread.a /opt/intel/compilers_and_libraries/linux/mkl/lib/intel64/libmkl_core.a -Wl,--end-group -liomp5 -lpthread -lm -ldl -L/usr/lib64 -llapack -lblas -lm -lgfortran -lgomp
 COLIB library:		/home/cmalbon/Workspace/JayCI/lib/colib.a
 Debug flags:		-g -DDEBUGGING -g
 C Compiler options:	-Wall -std=c11 -march=native -funroll-all-loops -fomit-frame-pointer -fstrict-aliasing -O0
 F90 Compiler options:	-i8 -auto -assume byterecl -O0
------------------------------------------------------
cd /home/cmalbon/Workspace/JayCI/mpi_source; mpicc -openmp -I/opt/intel/compilers_and_libraries_2019.0.117/linux/mkl/include -I /home/cmalbon/Workspace/JayCI/mpi_source/include -o /home/cmalbon/Workspace/JayCI/bin/pjayci-1.0.0-Linux-x86_64 /home/cmalbon/Workspace/JayCI/mpi_source/timestamp.o /home/cmalbon/Workspace/JayCI/mpi_source/errorlib.o /home/cmalbon/Workspace/JayCI/mpi_source/arrayutil.o /home/cmalbon/Workspace/JayCI/mpi_source/allocate_mem.o /home/cmalbon/Workspace/JayCI/mpi_source/readmoints.o /home/cmalbon/Workspace/JayCI/mpi_source/readnamelist.o /home/cmalbon/Workspace/JayCI/mpi_source/readmocoef.o /home/cmalbon/Workspace/JayCI/mpi_source/ioutil.o /home/cmalbon/Workspace/JayCI/mpi_source/mpi_utilities.o /home/cmalbon/Workspace/JayCI/mpi_source/abecalc.o /home/cmalbon/Workspace/JayCI/mpi_source/combinatorial.o /home/cmalbon/Workspace/JayCI/mpi_source/moindex.o /home/cmalbon/Workspace/JayCI/mpi_source/straddress.o /home/cmalbon/Workspace/JayCI/mpi_source/iminmax.o /home/cmalbon/Workspace/JayCI/mpi_source/bitutil.o /home/cmalbon/Workspace/JayCI/mpi_source/binary.o /home/cmalbon/Workspace/JayCI/mpi_source/binarystr.o /home/cmalbon/Workspace/JayCI/mpi_source/citruncate.o /home/cmalbon/Workspace/JayCI/mpi_source/action_util.o /home/cmalbon/Workspace/JayCI/mpi_source/pdavidson.o /home/cmalbon/Workspace/JayCI/mpi_source/execute_pjayci.o /home/cmalbon/Workspace/JayCI/mpi_source/pjayci.o -Wl,--start-group /opt/intel/compilers_and_libraries/linux/mkl/lib/intel64/libmkl_intel_ilp64.a /opt/intel/compilers_and_libraries/linux/mkl/lib/intel64/libmkl_intel_thread.a /opt/intel/compilers_and_libraries/linux/mkl/lib/intel64/libmkl_core.a -Wl,--end-group -liomp5 -lpthread -lm -ldl -L/usr/lib64 -llapack -lblas -lm -lgfortran -lgomp /home/cmalbon/Workspace/JayCI/lib/colib.a -L/usr/local/lib -lga -larmci -g -DDEBUGGING -g -Wall -std=c11 -march=native -funroll-all-loops -fomit-frame-pointer -fstrict-aliasing -O0
Makefile:353: recipe for target 'pjayci' failed
