===========================================================
===                   runc                              ===
===           version 7.0 beta , Jan 2011               ===
===          requires COLUMBUS version COL_7.0_beta     ===
===                                                     ===
===   written by: Thomas Mueller                        ===
===   gradient ext. by: Michal Dallos                   ===
===               Institute for Theoretical Chemistry   ===
===               University of Vienna                  ===
===               Waehringerstr. 17                     ===
===               A-1090 Vienna, Austria                ===
===   in revision by: Thomas Mueller, JSC, FZ Juelich   ===
===               Felix Plasser, University of Vienna   ===
===========================================================


coremem. (seq.): 100 MB,  coremem. (par.): 100 MB
Vdisk size: 0 DP
Reading job control file control.run ...   done 
Creating various directories ... 
 done 
Checking for illegal keywords and keyword combinations ... done 
Checking for complete set of input files ... done

 ++++++++++++++++++ input file generation +++++++++++++ 
 runc start: Mon Jan 20 01:05:44 EST 2014
 
  runc start: Mon Jan 20 01:05:44 EST 2014
 
 starting unik.gets.x > unikls at Mon Jan 20 01:05:44 EST 2014

 -------------------- unik.gets.x ------------------------
 --------------------------------------------------- 
 starting hernew.x at Mon Jan 20 01:05:44 EST 2014

 -------------------- hernew.x ------------------------
 --------------------------------------------------- 
 ++++++++++++++++++++ ao integral calculation ++++++++++++++++
starting dalton.x -m 100 > hermitls at Mon Jan 20 01:05:44 EST 2014

 -------------------- dalton.x ------------------------
  Nuclear repulsion energy:        1.9142135624

 Irred. repr. : A       
 # orbitals  :  15 
 --------------------------------------------------- 
 ++++++++++++++++++++ SCF calculation +++++++++++++++
starting scfpq.x -m 100 at Mon Jan 20 01:05:44 EST 2014

 -------------------- scfpq.x ------------------------
  nuclear repulsion energy          1.9142135624
  kinetic energy                    2.0310485957
  potential energy                 -3.4103474190
  total energy                     -1.3792988233
  virial theorem                    2.4725225320
 --------------------------------------------------- 
  >>>>>>>>>>>>> info: preparing drt no 1 out of 1 <<<<<<
starting mcdrt.x -m 100 < mcdrtin > mcdrtls at Mon Jan 20 01:05:44 EST 2014

 -------------------- mcdrt.x ------------------------
  Spin multiplicity: singlet 
  Spatial symmetry (#): 1
  Number of Configurations:          6 
  --------------------------------------------------- 
 starting mcuft.x at Mon Jan 20 01:05:44 EST 2014

 -------------------- mcuft.x ------------------------
 --------------------------------------------------- 
 ++++++++++++++++++++ MCSCF calculation +++++++++++++++
starting mcscf.x -m 100 at Mon Jan 20 01:05:44 EST 2014

 -------------------- mcscf.x ------------------------
 Individual total energies for all states: 
    DRT #1 state # 1 wt 0.500 total energy=       -1.387662211, rel. (eV)=   0.000000
    DRT #1 state # 2 wt 0.500 total energy=       -1.304438158, rel. (eV)=   2.264643
  --------------------------------------------------- 
 starting mcpc.x -m 100 < mcpcin > mcpcls at Mon Jan 20 01:05:44 EST 2014

 -------------------- mcpc.x ------------------------
 --------------------------------------------------- 
 starting mcpc.x -m 100 < mcpcin > mcpcls at Mon Jan 20 01:05:44 EST 2014

 -------------------- mcpc.x ------------------------
 --------------------------------------------------- 
  using the MCSCF MOs ... 
starting cidrt.x -m 100 < cidrtin > cidrtls  at Mon Jan 20 01:05:44 EST 2014

 -------------------- cidrt.x ------------------------
 total number of orbitals            :    15
 number of frozen core orbitals      :     0
 number of frozen virtual orbitals   :     0
 number of internal orbitals         :     4
 number of external orbitals         :    11
 spatial symmetry:   a  
 
 total number of configurations       1230
 number of reference configurations     6
 --------------------------------------------------- 
 starting tran.x -m 100  at Mon Jan 20 01:05:44 EST 2014

 -------------------- tran.x ------------------------
 --------------------------------------------------- 
 skipping cisrt.x call .... 
starting ciudg.x -m 100 at Mon Jan 20 01:05:44 EST 2014

  waiting after driverwrap ....                     0
 -------------------- ciudg.x ------------------------
 type of calculation:          mr-sdci
 number of configurations:     1230
 total mr-sdci energy               -1.4473404090 
 last mr-sdci energy change           0.0000000001 
 residual                             0.0000073537 
  c0**2 =   0.97138454  c**2 (all zwalks) =   0.97495234
 mr-sdci+(1-c0**2)*(eci-eref)             =      -1.449055586074 
 mr-sdci+(1-c0**2)/(c0**2)*(eci-eref)     =      -1.449106112491 
 mr-sdci+(1-c0**2)/(2*c0**2-1)*(eci-eref) =      -1.449159706120 
 --------------------------------------------------- 
 starting cipc.x -m 100 < cipcin > cipcls at Mon Jan 20 01:05:44 EST 2014

 -------------------- cipc.x ------------------------
 --------------------------------------------------- 
 

============== timings ===================

   unik.gets.x    
   hernew.x       
   dalton.x       
   scfpq.x        
   mcdrt.x        
   mcuft.x        
   mcscf.x        
   mcpc.x         
   mcpc.x         
   cidrt.x        
   tran.x         
   ciudg.x        
   cipc.x         

==========================================

